[0.000000] (-) TimerEvent: {}
[0.000194] (lifecycle_cpp_test) JobQueued: {'identifier': 'lifecycle_cpp_test', 'dependencies': OrderedDict()}
[0.000395] (lifecycle_cpp_test) JobStarted: {'identifier': 'lifecycle_cpp_test'}
[0.011044] (lifecycle_cpp_test) JobProgress: {'identifier': 'lifecycle_cpp_test', 'progress': 'cmake'}
[0.012043] (lifecycle_cpp_test) JobProgress: {'identifier': 'lifecycle_cpp_test', 'progress': 'build'}
[0.012268] (lifecycle_cpp_test) Command: {'cmd': ['/usr/bin/cmake', '--build', '/home/lee/robot_ws/src/lifecycle_cpp_test/build/lifecycle_cpp_test', '--', '-j12', '-l12'], 'cwd': '/home/lee/robot_ws/src/lifecycle_cpp_test/build/lifecycle_cpp_test', 'env': OrderedDict([('RCUTILS_LOGGING_BUFFERED_STREAM', '1'), ('GJS_DEBUG_TOPICS', 'JS ERROR;JS LOG'), ('LESSOPEN', '| /usr/bin/lesspipe %s'), ('USER', 'lee'), ('LC_TIME', 'ko_KR.UTF-8'), ('ROS_NAMESPACE', 'robot1'), ('SSH_AGENT_PID', '1765'), ('XDG_SESSION_TYPE', 'x11'), ('GIT_ASKPASS', '/usr/share/code/resources/app/extensions/git/dist/askpass.sh'), ('SHLVL', '0'), ('RCUTILS_CONSOLE_OUTPUT_FORMAT', '[{severity}]: {message}'), ('LD_LIBRARY_PATH', '/home/lee/robot_ws/install/msg_srv_interface_py_test/lib:/home/lee/robot_ws/install/msg_srv_action_interface_py_test/lib:/home/lee/robot_ws/install/msg_srv_action_interface_example/lib:/home/lee/robot_ws/install/msg_srv_action_interface_cpp/lib:/home/lee/robot_ws/install/msg_interface_py_test/lib:/opt/ros/foxy/opt/yaml_cpp_vendor/lib:/opt/ros/foxy/opt/rviz_ogre_vendor/lib:/opt/ros/foxy/lib/x86_64-linux-gnu:/opt/ros/foxy/lib'), ('HOME', '/home/lee'), ('CHROME_DESKTOP', 'code-url-handler.desktop'), ('TERM_PROGRAM_VERSION', '1.69.0'), ('DESKTOP_SESSION', 'ubuntu'), ('GIO_LAUNCHED_DESKTOP_FILE', '/usr/share/applications/code.desktop'), ('ROS_PYTHON_VERSION', '3'), ('GNOME_SHELL_SESSION_MODE', 'ubuntu'), ('GTK_MODULES', 'gail:atk-bridge'), ('VSCODE_GIT_ASKPASS_MAIN', '/usr/share/code/resources/app/extensions/git/dist/askpass-main.js'), ('LC_MONETARY', 'ko_KR.UTF-8'), ('VSCODE_GIT_ASKPASS_NODE', '/usr/share/code/code'), ('MANAGERPID', '1592'), ('DBUS_SESSION_BUS_ADDRESS', 'unix:path=/run/user/1000/bus'), ('COLORTERM', 'truecolor'), ('GIO_LAUNCHED_DESKTOP_FILE_PID', '5143'), ('_colcon_cd_root', '/home/lee/robot_ws'), ('IM_CONFIG_PHASE', '1'), ('COLCON_PREFIX_PATH', '/home/lee/robot_ws/install'), ('ROS_DISTRO', 'foxy'), ('LOGNAME', 'lee'), ('_', '/usr/bin/colcon'), ('JOURNAL_STREAM', '8:43512'), ('ROS_VERSION', '2'), ('XDG_SESSION_CLASS', 'user'), ('USERNAME', 'lee'), ('TERM', 'xterm-256color'), ('GNOME_DESKTOP_SESSION_ID', 'this-is-deprecated'), ('ROS_LOCALHOST_ONLY', '0'), ('WINDOWPATH', '2'), ('PATH', '/home/lee/.local/bin:/opt/ros/foxy/bin:/home/lee/.local/bin:/usr/local/sbin:/usr/local/bin:/usr/sbin:/usr/bin:/sbin:/bin:/usr/games:/usr/local/games:/snap/bin'), ('SESSION_MANAGER', 'local/lee:@/tmp/.ICE-unix/1803,unix/lee:/tmp/.ICE-unix/1803'), ('INVOCATION_ID', 'ac4418edd6434376b85a9947f90c62cc'), ('XDG_MENU_PREFIX', 'gnome-'), ('LC_ADDRESS', 'ko_KR.UTF-8'), ('XDG_RUNTIME_DIR', '/run/user/1000'), ('GDK_BACKEND', 'x11'), ('DISPLAY', ':0'), ('LANG', 'en_US.UTF-8'), ('XDG_CURRENT_DESKTOP', 'Unity'), ('LC_TELEPHONE', 'ko_KR.UTF-8'), ('RMW_IMPLEMENTATION', 'rmw_fastrtps_cpp'), ('XMODIFIERS', '@im=ibus'), ('XDG_SESSION_DESKTOP', 'ubuntu'), ('XAUTHORITY', '/run/user/1000/gdm/Xauthority'), ('VSCODE_GIT_IPC_HANDLE', '/run/user/1000/vscode-git-555d55961d.sock'), ('TERM_PROGRAM', 'vscode'), ('SSH_AUTH_SOCK', '/run/user/1000/keyring/ssh'), ('ROS_DOMAIN_ID', '7'), ('AMENT_PREFIX_PATH', '/home/lee/robot_ws/install/topic_service_action_rclpy_example:/home/lee/robot_ws/install/topic_service_action_rclcpp_example:/home/lee/robot_ws/install/time_rclpy_example:/home/lee/robot_ws/install/time_rclcpp_example:/home/lee/robot_ws/install/tf2_rclpy_example:/home/lee/robot_ws/install/tf2_rclcpp_example:/home/lee/robot_ws/install/testbot_description:/home/lee/robot_ws/install/test_lee_rclpy:/home/lee/robot_ws/install/test_lee_rclcpp:/home/lee/robot_ws/install/rqt_example:/home/lee/robot_ws/install/ros2env:/home/lee/robot_ws/install/my_first_ros_rclpy_pkg:/home/lee/robot_ws/install/my_first_ros_rclcpp_pkg:/home/lee/robot_ws/install/msg_srv_interface_py_test:/home/lee/robot_ws/install/msg_srv_action_interface_py_test:/home/lee/robot_ws/install/msg_srv_action_interface_example:/home/lee/robot_ws/install/msg_srv_action_interface_cpp:/home/lee/robot_ws/install/msg_interface_py_test:/home/lee/robot_ws/install/logging_rclpy_example:/home/lee/robot_ws/install/lifecycle_cpp_test:/home/lee/robot_ws/install/lifecycle_cpp_original:/opt/ros/foxy'), ('ORIGINAL_XDG_CURRENT_DESKTOP', 'ubuntu:GNOME'), ('SHELL', '/bin/bash'), ('LC_NAME', 'ko_KR.UTF-8'), ('QT_ACCESSIBILITY', '1'), ('GDMSESSION', 'ubuntu'), ('LESSCLOSE', '/usr/bin/lesspipe %s %s'), ('LC_MEASUREMENT', 'ko_KR.UTF-8'), ('GPG_AGENT_INFO', '/run/user/1000/gnupg/S.gpg-agent:0:1'), ('GJS_DEBUG_OUTPUT', 'stderr'), ('LC_IDENTIFICATION', 'ko_KR.UTF-8'), ('VSCODE_GIT_ASKPASS_EXTRA_ARGS', '--ms-enable-electron-run-as-node'), ('QT_IM_MODULE', 'ibus'), ('RCUTILS_LOGGING_USE_STDOUT', '0'), ('PWD', '/home/lee/robot_ws/src/lifecycle_cpp_test/build/lifecycle_cpp_test'), ('LC_ALL', 'en_US.UTF-8'), ('XDG_CONFIG_DIRS', '/etc/xdg/xdg-ubuntu:/etc/xdg'), ('RCUTILS_COLORIZED_OUTPUT', '1'), ('XDG_DATA_DIRS', '/usr/share/ubuntu:/usr/local/share/:/usr/share/:/var/lib/snapd/desktop'), ('PYTHONPATH', '/home/lee/robot_ws/build/topic_service_action_rclpy_example:/home/lee/robot_ws/install/topic_service_action_rclpy_example/lib/python3.8/site-packages:/home/lee/robot_ws/build/time_rclpy_example:/home/lee/robot_ws/install/time_rclpy_example/lib/python3.8/site-packages:/home/lee/robot_ws/build/tf2_rclpy_example:/home/lee/robot_ws/install/tf2_rclpy_example/lib/python3.8/site-packages:/home/lee/robot_ws/build/test_lee_rclpy:/home/lee/robot_ws/install/test_lee_rclpy/lib/python3.8/site-packages:/home/lee/robot_ws/install/rqt_example/lib/python3.8/site-packages:/home/lee/robot_ws/build/ros2env:/home/lee/robot_ws/install/ros2env/lib/python3.8/site-packages:/home/lee/robot_ws/build/my_first_ros_rclpy_pkg:/home/lee/robot_ws/install/my_first_ros_rclpy_pkg/lib/python3.8/site-packages:/home/lee/robot_ws/install/msg_srv_interface_py_test/lib/python3.8/site-packages:/home/lee/robot_ws/install/msg_srv_action_interface_py_test/lib/python3.8/site-packages:/home/lee/robot_ws/install/msg_srv_action_interface_example/lib/python3.8/site-packages:/home/lee/robot_ws/install/msg_srv_action_interface_cpp/lib/python3.8/site-packages:/home/lee/robot_ws/install/msg_interface_py_test/lib/python3.8/site-packages:/home/lee/robot_ws/build/logging_rclpy_example:/home/lee/robot_ws/install/logging_rclpy_example/lib/python3.8/site-packages:/opt/ros/foxy/lib/python3.8/site-packages'), ('LC_NUMERIC', 'ko_KR.UTF-8'), ('LC_PAPER', 'ko_KR.UTF-8'), ('COLCON', '1'), ('CMAKE_PREFIX_PATH', '/home/lee/robot_ws/install/topic_service_action_rclcpp_example:/home/lee/robot_ws/install/time_rclcpp_example:/home/lee/robot_ws/install/tf2_rclcpp_example:/home/lee/robot_ws/install/testbot_description:/home/lee/robot_ws/install/test_lee_rclcpp:/home/lee/robot_ws/install/rqt_example:/home/lee/robot_ws/install/my_first_ros_rclcpp_pkg:/home/lee/robot_ws/install/msg_srv_interface_py_test:/home/lee/robot_ws/install/msg_srv_action_interface_py_test:/home/lee/robot_ws/install/msg_srv_action_interface_example:/home/lee/robot_ws/install/msg_srv_action_interface_cpp:/home/lee/robot_ws/install/msg_interface_py_test:/home/lee/robot_ws/install/lifecycle_cpp_test:/home/lee/robot_ws/install/lifecycle_cpp_original:/home/lee/robot_ws/install/topic_service_action_rclpy_example:/home/lee/robot_ws/install/time_rclpy_example:/home/lee/robot_ws/install/tf2_rclpy_example:/home/lee/robot_ws/install/test_lee_rclpy:/home/lee/robot_ws/install/ros2env:/home/lee/robot_ws/install/my_first_ros_rclpy_pkg:/home/lee/robot_ws/install/logging_rclpy_example:/opt/ros/foxy')]), 'shell': False}
[0.049595] (lifecycle_cpp_test) StdoutLine: {'line': b'\x1b[35m\x1b[1mScanning dependencies of target lifecycle_service_client\x1b[0m\n'}
[0.062898] (lifecycle_cpp_test) StdoutLine: {'line': b'[ 66%] Built target lifecycle_talker\n'}
[0.063059] (lifecycle_cpp_test) StdoutLine: {'line': b'[ 66%] Built target lifecycle_listener\n'}
[0.068686] (lifecycle_cpp_test) StdoutLine: {'line': b'[ 83%] \x1b[32mBuilding CXX object CMakeFiles/lifecycle_service_client.dir/src/lifecycle_service_client.cpp.o\x1b[0m\n'}
[0.099888] (-) TimerEvent: {}
[0.200383] (-) TimerEvent: {}
[0.300849] (-) TimerEvent: {}
[0.401258] (-) TimerEvent: {}
[0.501976] (-) TimerEvent: {}
[0.602249] (-) TimerEvent: {}
[0.702543] (-) TimerEvent: {}
[0.802917] (-) TimerEvent: {}
[0.903182] (-) TimerEvent: {}
[0.996261] (lifecycle_cpp_test) StderrLine: {'line': b'\x1b[01m\x1b[K/home/lee/robot_ws/src/lifecycle_cpp_test/src/lifecycle_service_client.cpp:107:1:\x1b[m\x1b[K \x1b[01;31m\x1b[Kerror: \x1b[m\x1b[K\xe2\x80\x98\x1b[01m\x1b[Kdfsdf\x1b[m\x1b[K\xe2\x80\x99 does not name a type\n'}
[0.996497] (lifecycle_cpp_test) StderrLine: {'line': b'  107 | \x1b[01;31m\x1b[Kdfsdf\x1b[m\x1b[K\n'}
[0.996580] (lifecycle_cpp_test) StderrLine: {'line': b'      | \x1b[01;31m\x1b[K^~~~~\x1b[m\x1b[K\n'}
[1.003328] (-) TimerEvent: {}
[1.015953] (lifecycle_cpp_test) StderrLine: {'line': b'\x1b[01m\x1b[K/home/lee/robot_ws/src/lifecycle_cpp_test/src/lifecycle_service_client.cpp:\x1b[m\x1b[K In function \xe2\x80\x98\x1b[01m\x1b[Kvoid custom_change_state(std::shared_ptr<LifecycleServiceClient>, uint8_t)\x1b[m\x1b[K\xe2\x80\x99:\n'}
[1.016150] (lifecycle_cpp_test) StderrLine: {'line': b'\x1b[01m\x1b[K/home/lee/robot_ws/src/lifecycle_cpp_test/src/lifecycle_service_client.cpp:245:21:\x1b[m\x1b[K \x1b[01;31m\x1b[Kerror: \x1b[m\x1b[K\xe2\x80\x98\x1b[01m\x1b[Kusing element_type = class LifecycleServiceClient\x1b[m\x1b[K\xe2\x80\x99 {aka \xe2\x80\x98\x1b[01m\x1b[Kclass LifecycleServiceClient\x1b[m\x1b[K\xe2\x80\x99} has no member named \xe2\x80\x98\x1b[01m\x1b[Kget_state\x1b[m\x1b[K\xe2\x80\x99; did you mean \xe2\x80\x98\x1b[01m\x1b[Kget_name\x1b[m\x1b[K\xe2\x80\x99?\n'}
[1.016230] (lifecycle_cpp_test) StderrLine: {'line': b'  245 |     if (!lc_client->\x1b[01;31m\x1b[Kget_state\x1b[m\x1b[K()) {\n'}
[1.016296] (lifecycle_cpp_test) StderrLine: {'line': b'      |                     \x1b[01;31m\x1b[K^~~~~~~~~\x1b[m\x1b[K\n'}
[1.016361] (lifecycle_cpp_test) StderrLine: {'line': b'      |                     \x1b[32m\x1b[Kget_name\x1b[m\x1b[K\n'}
[1.103410] (-) TimerEvent: {}
[1.203696] (-) TimerEvent: {}
[1.303989] (-) TimerEvent: {}
[1.404284] (-) TimerEvent: {}
[1.504559] (-) TimerEvent: {}
[1.604824] (-) TimerEvent: {}
[1.610315] (lifecycle_cpp_test) StderrLine: {'line': b'make[2]: *** [CMakeFiles/lifecycle_service_client.dir/build.make:63: CMakeFiles/lifecycle_service_client.dir/src/lifecycle_service_client.cpp.o] Error 1\n'}
[1.610517] (lifecycle_cpp_test) StderrLine: {'line': b'make[1]: *** [CMakeFiles/Makefile2:163: CMakeFiles/lifecycle_service_client.dir/all] Error 2\n'}
[1.610707] (lifecycle_cpp_test) StderrLine: {'line': b'make: *** [Makefile:141: all] Error 2\n'}
[1.611960] (lifecycle_cpp_test) CommandEnded: {'returncode': 2}
[1.646812] (lifecycle_cpp_test) JobEnded: {'identifier': 'lifecycle_cpp_test', 'rc': 2}
[1.657523] (-) EventReactorShutdown: {}
