[0.116s] DEBUG:colcon:Command line arguments: ['/usr/bin/colcon', 'build', '--cmake-args', '-DCMAKE_BUILD_TYPE=Debug']
[0.116s] DEBUG:colcon:Parsed command line arguments: Namespace(allow_overriding=[], ament_cmake_args=None, base_paths=['.'], build_base='build', catkin_cmake_args=None, catkin_skip_building_tests=False, cmake_args=['-DCMAKE_BUILD_TYPE=Debug'], cmake_clean_cache=False, cmake_clean_first=False, cmake_force_configure=False, cmake_target=None, cmake_target_skip_unavailable=False, continue_on_error=False, event_handlers=None, executor='parallel', ignore_user_meta=False, install_base='install', log_base=None, log_level=None, main=<bound method BuildVerb.main of <colcon_core.verb.build.BuildVerb object at 0x7fecbee961f0>>, merge_install=False, metas=['./colcon.meta'], packages_above=None, packages_above_and_dependencies=None, packages_above_depth=None, packages_end=None, packages_ignore=None, packages_ignore_regex=None, packages_select=None, packages_select_build_failed=False, packages_select_by_dep=None, packages_select_regex=None, packages_select_test_failures=False, packages_skip=None, packages_skip_build_finished=False, packages_skip_by_dep=None, packages_skip_regex=None, packages_skip_test_passed=False, packages_skip_up_to=None, packages_start=None, packages_up_to=None, packages_up_to_regex=None, parallel_workers=12, paths=None, symlink_install=False, test_result_base=None, verb_extension=<colcon_core.verb.build.BuildVerb object at 0x7fecbee961f0>, verb_name='build', verb_parser=<colcon_defaults.argument_parser.defaults.DefaultArgumentsDecorator object at 0x7fecbee96730>)
[0.136s] Level 1:colcon.colcon_core.package_discovery:discover_packages(colcon_meta) check parameters
[0.136s] Level 1:colcon.colcon_core.package_discovery:discover_packages(recursive) check parameters
[0.136s] Level 1:colcon.colcon_core.package_discovery:discover_packages(ignore) check parameters
[0.136s] Level 1:colcon.colcon_core.package_discovery:discover_packages(path) check parameters
[0.136s] Level 1:colcon.colcon_core.package_discovery:discover_packages(colcon_meta) discover
[0.136s] Level 1:colcon.colcon_core.package_discovery:discover_packages(recursive) discover
[0.136s] INFO:colcon.colcon_core.package_discovery:Crawling recursively for packages in '/home/lee/robot_ws/src/lifecycle_cpp_test'
[0.136s] Level 1:colcon.colcon_core.package_identification:_identify(.) by extensions ['ignore', 'ignore_ament_install']
[0.137s] Level 1:colcon.colcon_core.package_identification:_identify(.) by extension 'ignore'
[0.137s] Level 1:colcon.colcon_core.package_identification:_identify(.) by extension 'ignore_ament_install'
[0.137s] Level 1:colcon.colcon_core.package_identification:_identify(.) by extensions ['colcon_pkg']
[0.137s] Level 1:colcon.colcon_core.package_identification:_identify(.) by extension 'colcon_pkg'
[0.137s] Level 1:colcon.colcon_core.package_identification:_identify(.) by extensions ['colcon_meta']
[0.137s] Level 1:colcon.colcon_core.package_identification:_identify(.) by extension 'colcon_meta'
[0.137s] Level 1:colcon.colcon_core.package_identification:_identify(.) by extensions ['ros']
[0.137s] Level 1:colcon.colcon_core.package_identification:_identify(.) by extension 'ros'
[0.159s] DEBUG:colcon.colcon_core.package_identification:Package '.' with type 'ros.ament_cmake' and name 'lifecycle_cpp_test'
[0.159s] Level 1:colcon.colcon_core.package_discovery:discover_packages(recursive) using defaults
[0.159s] Level 1:colcon.colcon_core.package_discovery:discover_packages(ignore) discover
[0.159s] Level 1:colcon.colcon_core.package_discovery:discover_packages(ignore) using defaults
[0.159s] Level 1:colcon.colcon_core.package_discovery:discover_packages(path) discover
[0.159s] Level 1:colcon.colcon_core.package_discovery:discover_packages(path) using defaults
[0.177s] Level 1:colcon.colcon_core.package_discovery:discover_packages(prefix_path) check parameters
[0.177s] Level 1:colcon.colcon_core.package_discovery:discover_packages(prefix_path) discover
[0.180s] DEBUG:colcon.colcon_installed_package_information.package_discovery:Found 21 installed packages in /home/lee/robot_ws/install
[0.181s] DEBUG:colcon.colcon_installed_package_information.package_discovery:Found 258 installed packages in /opt/ros/foxy
[0.182s] Level 1:colcon.colcon_core.package_discovery:discover_packages(prefix_path) using defaults
[0.226s] Level 5:colcon.colcon_core.verb:set package 'lifecycle_cpp_test' build argument 'cmake_args' from command line to '['-DCMAKE_BUILD_TYPE=Debug']'
[0.226s] Level 5:colcon.colcon_core.verb:set package 'lifecycle_cpp_test' build argument 'cmake_target' from command line to 'None'
[0.226s] Level 5:colcon.colcon_core.verb:set package 'lifecycle_cpp_test' build argument 'cmake_target_skip_unavailable' from command line to 'False'
[0.226s] Level 5:colcon.colcon_core.verb:set package 'lifecycle_cpp_test' build argument 'cmake_clean_cache' from command line to 'False'
[0.226s] Level 5:colcon.colcon_core.verb:set package 'lifecycle_cpp_test' build argument 'cmake_clean_first' from command line to 'False'
[0.226s] Level 5:colcon.colcon_core.verb:set package 'lifecycle_cpp_test' build argument 'cmake_force_configure' from command line to 'False'
[0.226s] Level 5:colcon.colcon_core.verb:set package 'lifecycle_cpp_test' build argument 'ament_cmake_args' from command line to 'None'
[0.226s] Level 5:colcon.colcon_core.verb:set package 'lifecycle_cpp_test' build argument 'catkin_cmake_args' from command line to 'None'
[0.226s] Level 5:colcon.colcon_core.verb:set package 'lifecycle_cpp_test' build argument 'catkin_skip_building_tests' from command line to 'False'
[0.226s] DEBUG:colcon.colcon_core.verb:Building package 'lifecycle_cpp_test' with the following arguments: {'ament_cmake_args': None, 'build_base': '/home/lee/robot_ws/src/lifecycle_cpp_test/build/lifecycle_cpp_test', 'catkin_cmake_args': None, 'catkin_skip_building_tests': False, 'cmake_args': ['-DCMAKE_BUILD_TYPE=Debug'], 'cmake_clean_cache': False, 'cmake_clean_first': False, 'cmake_force_configure': False, 'cmake_target': None, 'cmake_target_skip_unavailable': False, 'install_base': '/home/lee/robot_ws/src/lifecycle_cpp_test/install/lifecycle_cpp_test', 'merge_install': False, 'path': '/home/lee/robot_ws/src/lifecycle_cpp_test', 'symlink_install': False, 'test_result_base': None}
[0.227s] INFO:colcon.colcon_core.executor:Executing jobs using 'parallel' executor
[0.232s] DEBUG:colcon.colcon_parallel_executor.executor.parallel:run_until_complete
[0.232s] INFO:colcon.colcon_ros.task.ament_cmake.build:Building ROS package in '/home/lee/robot_ws/src/lifecycle_cpp_test' with build type 'ament_cmake'
[0.232s] INFO:colcon.colcon_cmake.task.cmake.build:Building CMake package in '/home/lee/robot_ws/src/lifecycle_cpp_test'
[0.236s] INFO:colcon.colcon_core.plugin_system:Skipping extension 'colcon_core.shell.bat': Not used on non-Windows systems
[0.236s] INFO:colcon.colcon_core.shell:Skip shell extension 'powershell' for command environment: Not usable outside of PowerShell
[0.236s] DEBUG:colcon.colcon_core.shell:Skip shell extension 'dsv' for command environment
[0.245s] DEBUG:colcon.colcon_core.event_handler.log_command:Invoking command in '/home/lee/robot_ws/src/lifecycle_cpp_test/build/lifecycle_cpp_test': CMAKE_PREFIX_PATH=${CMAKE_PREFIX_PATH}:/home/lee/robot_ws/install/topic_service_action_rclpy_example:/home/lee/robot_ws/install/time_rclpy_example:/home/lee/robot_ws/install/tf2_rclpy_example:/home/lee/robot_ws/install/test_lee_rclpy:/home/lee/robot_ws/install/ros2env:/home/lee/robot_ws/install/my_first_ros_rclpy_pkg:/home/lee/robot_ws/install/logging_rclpy_example:/opt/ros/foxy /usr/bin/cmake --build /home/lee/robot_ws/src/lifecycle_cpp_test/build/lifecycle_cpp_test -- -j12 -l12
[2.738s] DEBUG:colcon.colcon_core.event_handler.log_command:Invoked command in '/home/lee/robot_ws/src/lifecycle_cpp_test/build/lifecycle_cpp_test' returned '0': CMAKE_PREFIX_PATH=${CMAKE_PREFIX_PATH}:/home/lee/robot_ws/install/topic_service_action_rclpy_example:/home/lee/robot_ws/install/time_rclpy_example:/home/lee/robot_ws/install/tf2_rclpy_example:/home/lee/robot_ws/install/test_lee_rclpy:/home/lee/robot_ws/install/ros2env:/home/lee/robot_ws/install/my_first_ros_rclpy_pkg:/home/lee/robot_ws/install/logging_rclpy_example:/opt/ros/foxy /usr/bin/cmake --build /home/lee/robot_ws/src/lifecycle_cpp_test/build/lifecycle_cpp_test -- -j12 -l12
[2.767s] DEBUG:colcon.colcon_core.event_handler.log_command:Invoking command in '/home/lee/robot_ws/src/lifecycle_cpp_test/build/lifecycle_cpp_test': CMAKE_PREFIX_PATH=${CMAKE_PREFIX_PATH}:/home/lee/robot_ws/install/topic_service_action_rclpy_example:/home/lee/robot_ws/install/time_rclpy_example:/home/lee/robot_ws/install/tf2_rclpy_example:/home/lee/robot_ws/install/test_lee_rclpy:/home/lee/robot_ws/install/ros2env:/home/lee/robot_ws/install/my_first_ros_rclpy_pkg:/home/lee/robot_ws/install/logging_rclpy_example:/opt/ros/foxy /usr/bin/cmake --install /home/lee/robot_ws/src/lifecycle_cpp_test/build/lifecycle_cpp_test
[2.779s] Level 1:colcon.colcon_core.environment:create_environment_scripts_only(lifecycle_cpp_test)
[2.779s] DEBUG:colcon.colcon_core.event_handler.log_command:Invoked command in '/home/lee/robot_ws/src/lifecycle_cpp_test/build/lifecycle_cpp_test' returned '0': CMAKE_PREFIX_PATH=${CMAKE_PREFIX_PATH}:/home/lee/robot_ws/install/topic_service_action_rclpy_example:/home/lee/robot_ws/install/time_rclpy_example:/home/lee/robot_ws/install/tf2_rclpy_example:/home/lee/robot_ws/install/test_lee_rclpy:/home/lee/robot_ws/install/ros2env:/home/lee/robot_ws/install/my_first_ros_rclpy_pkg:/home/lee/robot_ws/install/logging_rclpy_example:/opt/ros/foxy /usr/bin/cmake --install /home/lee/robot_ws/src/lifecycle_cpp_test/build/lifecycle_cpp_test
[2.784s] Level 1:colcon.colcon_core.environment:checking '/home/lee/robot_ws/src/lifecycle_cpp_test/install/lifecycle_cpp_test' for CMake module files
[2.784s] Level 1:colcon.colcon_core.environment:checking '/home/lee/robot_ws/src/lifecycle_cpp_test/install/lifecycle_cpp_test' for CMake config files
[2.784s] Level 1:colcon.colcon_core.shell:create_environment_hook('lifecycle_cpp_test', 'cmake_prefix_path')
[2.786s] INFO:colcon.colcon_core.shell:Creating environment hook '/home/lee/robot_ws/src/lifecycle_cpp_test/install/lifecycle_cpp_test/share/lifecycle_cpp_test/hook/cmake_prefix_path.ps1'
[2.786s] INFO:colcon.colcon_core.shell:Creating environment descriptor '/home/lee/robot_ws/src/lifecycle_cpp_test/install/lifecycle_cpp_test/share/lifecycle_cpp_test/hook/cmake_prefix_path.dsv'
[2.787s] INFO:colcon.colcon_core.shell:Creating environment hook '/home/lee/robot_ws/src/lifecycle_cpp_test/install/lifecycle_cpp_test/share/lifecycle_cpp_test/hook/cmake_prefix_path.sh'
[2.787s] Level 1:colcon.colcon_core.environment:checking '/home/lee/robot_ws/src/lifecycle_cpp_test/install/lifecycle_cpp_test/lib'
[2.787s] Level 1:colcon.colcon_core.environment:checking '/home/lee/robot_ws/src/lifecycle_cpp_test/install/lifecycle_cpp_test/bin'
[2.787s] Level 1:colcon.colcon_core.environment:checking '/home/lee/robot_ws/src/lifecycle_cpp_test/install/lifecycle_cpp_test/lib/pkgconfig/lifecycle_cpp_test.pc'
[2.787s] Level 1:colcon.colcon_core.environment:checking '/home/lee/robot_ws/src/lifecycle_cpp_test/install/lifecycle_cpp_test/lib/python3.8/site-packages'
[2.788s] Level 1:colcon.colcon_core.environment:checking '/home/lee/robot_ws/src/lifecycle_cpp_test/install/lifecycle_cpp_test/bin'
[2.789s] INFO:colcon.colcon_core.shell:Creating package script '/home/lee/robot_ws/src/lifecycle_cpp_test/install/lifecycle_cpp_test/share/lifecycle_cpp_test/package.ps1'
[2.790s] INFO:colcon.colcon_core.shell:Creating package descriptor '/home/lee/robot_ws/src/lifecycle_cpp_test/install/lifecycle_cpp_test/share/lifecycle_cpp_test/package.dsv'
[2.790s] INFO:colcon.colcon_core.shell:Creating package script '/home/lee/robot_ws/src/lifecycle_cpp_test/install/lifecycle_cpp_test/share/lifecycle_cpp_test/package.sh'
[2.790s] INFO:colcon.colcon_core.shell:Creating package script '/home/lee/robot_ws/src/lifecycle_cpp_test/install/lifecycle_cpp_test/share/lifecycle_cpp_test/package.bash'
[2.791s] INFO:colcon.colcon_core.shell:Creating package script '/home/lee/robot_ws/src/lifecycle_cpp_test/install/lifecycle_cpp_test/share/lifecycle_cpp_test/package.zsh'
[2.791s] Level 1:colcon.colcon_core.environment:create_file_with_runtime_dependencies(/home/lee/robot_ws/src/lifecycle_cpp_test/install/lifecycle_cpp_test/share/colcon-core/packages/lifecycle_cpp_test)
[2.813s] Level 1:colcon.colcon_core.environment:create_environment_scripts_only(lifecycle_cpp_test)
[2.816s] Level 1:colcon.colcon_core.environment:checking '/home/lee/robot_ws/src/lifecycle_cpp_test/install/lifecycle_cpp_test' for CMake module files
[2.816s] Level 1:colcon.colcon_core.environment:checking '/home/lee/robot_ws/src/lifecycle_cpp_test/install/lifecycle_cpp_test' for CMake config files
[2.816s] Level 1:colcon.colcon_core.shell:create_environment_hook('lifecycle_cpp_test', 'cmake_prefix_path')
[2.818s] INFO:colcon.colcon_core.shell:Creating environment hook '/home/lee/robot_ws/src/lifecycle_cpp_test/install/lifecycle_cpp_test/share/lifecycle_cpp_test/hook/cmake_prefix_path.ps1'
[2.819s] INFO:colcon.colcon_core.shell:Creating environment descriptor '/home/lee/robot_ws/src/lifecycle_cpp_test/install/lifecycle_cpp_test/share/lifecycle_cpp_test/hook/cmake_prefix_path.dsv'
[2.819s] INFO:colcon.colcon_core.shell:Creating environment hook '/home/lee/robot_ws/src/lifecycle_cpp_test/install/lifecycle_cpp_test/share/lifecycle_cpp_test/hook/cmake_prefix_path.sh'
[2.819s] Level 1:colcon.colcon_core.environment:checking '/home/lee/robot_ws/src/lifecycle_cpp_test/install/lifecycle_cpp_test/lib'
[2.819s] Level 1:colcon.colcon_core.environment:checking '/home/lee/robot_ws/src/lifecycle_cpp_test/install/lifecycle_cpp_test/bin'
[2.819s] Level 1:colcon.colcon_core.environment:checking '/home/lee/robot_ws/src/lifecycle_cpp_test/install/lifecycle_cpp_test/lib/pkgconfig/lifecycle_cpp_test.pc'
[2.820s] Level 1:colcon.colcon_core.environment:checking '/home/lee/robot_ws/src/lifecycle_cpp_test/install/lifecycle_cpp_test/lib/python3.8/site-packages'
[2.820s] Level 1:colcon.colcon_core.environment:checking '/home/lee/robot_ws/src/lifecycle_cpp_test/install/lifecycle_cpp_test/bin'
[2.821s] INFO:colcon.colcon_core.shell:Creating package script '/home/lee/robot_ws/src/lifecycle_cpp_test/install/lifecycle_cpp_test/share/lifecycle_cpp_test/package.ps1'
[2.822s] INFO:colcon.colcon_core.shell:Creating package descriptor '/home/lee/robot_ws/src/lifecycle_cpp_test/install/lifecycle_cpp_test/share/lifecycle_cpp_test/package.dsv'
[2.822s] INFO:colcon.colcon_core.shell:Creating package script '/home/lee/robot_ws/src/lifecycle_cpp_test/install/lifecycle_cpp_test/share/lifecycle_cpp_test/package.sh'
[2.822s] INFO:colcon.colcon_core.shell:Creating package script '/home/lee/robot_ws/src/lifecycle_cpp_test/install/lifecycle_cpp_test/share/lifecycle_cpp_test/package.bash'
[2.822s] INFO:colcon.colcon_core.shell:Creating package script '/home/lee/robot_ws/src/lifecycle_cpp_test/install/lifecycle_cpp_test/share/lifecycle_cpp_test/package.zsh'
[2.822s] Level 1:colcon.colcon_core.environment:create_file_with_runtime_dependencies(/home/lee/robot_ws/src/lifecycle_cpp_test/install/lifecycle_cpp_test/share/colcon-core/packages/lifecycle_cpp_test)
[2.823s] DEBUG:colcon.colcon_parallel_executor.executor.parallel:closing loop
[2.823s] DEBUG:colcon.colcon_parallel_executor.executor.parallel:loop closed
[2.823s] DEBUG:colcon.colcon_parallel_executor.executor.parallel:run_until_complete finished with '0'
[2.823s] DEBUG:colcon.colcon_core.event_reactor:joining thread
[2.828s] INFO:colcon.colcon_core.plugin_system:Skipping extension 'colcon_notification.desktop_notification.terminal_notifier': Not used on non-Darwin systems
[2.829s] INFO:colcon.colcon_core.plugin_system:Skipping extension 'colcon_notification.desktop_notification.win32': Not used on non-Windows systems
[2.829s] INFO:colcon.colcon_notification.desktop_notification:Sending desktop notification using 'notify2'
[2.840s] DEBUG:colcon.colcon_core.event_reactor:joined thread
[2.842s] INFO:colcon.colcon_core.shell:Creating prefix script '/home/lee/robot_ws/src/lifecycle_cpp_test/install/local_setup.ps1'
[2.842s] INFO:colcon.colcon_core.shell:Creating prefix util module '/home/lee/robot_ws/src/lifecycle_cpp_test/install/_local_setup_util_ps1.py'
[2.843s] INFO:colcon.colcon_core.shell:Creating prefix chain script '/home/lee/robot_ws/src/lifecycle_cpp_test/install/setup.ps1'
[2.846s] INFO:colcon.colcon_core.shell:Creating prefix script '/home/lee/robot_ws/src/lifecycle_cpp_test/install/local_setup.sh'
[2.846s] INFO:colcon.colcon_core.shell:Creating prefix util module '/home/lee/robot_ws/src/lifecycle_cpp_test/install/_local_setup_util_sh.py'
[2.847s] INFO:colcon.colcon_core.shell:Creating prefix chain script '/home/lee/robot_ws/src/lifecycle_cpp_test/install/setup.sh'
[2.849s] INFO:colcon.colcon_core.shell:Creating prefix script '/home/lee/robot_ws/src/lifecycle_cpp_test/install/local_setup.bash'
[2.850s] INFO:colcon.colcon_core.shell:Creating prefix chain script '/home/lee/robot_ws/src/lifecycle_cpp_test/install/setup.bash'
[2.853s] INFO:colcon.colcon_core.shell:Creating prefix script '/home/lee/robot_ws/src/lifecycle_cpp_test/install/local_setup.zsh'
[2.853s] INFO:colcon.colcon_core.shell:Creating prefix chain script '/home/lee/robot_ws/src/lifecycle_cpp_test/install/setup.zsh'
