[0.000000] (-) TimerEvent: {}
[0.000306] (lifecycle_cpp_test) JobQueued: {'identifier': 'lifecycle_cpp_test', 'dependencies': OrderedDict()}
[0.000807] (lifecycle_cpp_test) JobStarted: {'identifier': 'lifecycle_cpp_test'}
[0.014655] (lifecycle_cpp_test) JobProgress: {'identifier': 'lifecycle_cpp_test', 'progress': 'cmake'}
[0.014831] (lifecycle_cpp_test) Command: {'cmd': ['/usr/bin/cmake', '/home/lee/robot_ws/src/lifecycle_cpp_test', '-DCMAKE_BUILD_TYPE=Debug', '-DCMAKE_INSTALL_PREFIX=/home/lee/robot_ws/src/lifecycle_cpp_test/install/lifecycle_cpp_test'], 'cwd': '/home/lee/robot_ws/src/lifecycle_cpp_test/build/lifecycle_cpp_test', 'env': OrderedDict([('RCUTILS_LOGGING_BUFFERED_STREAM', '1'), ('GJS_DEBUG_TOPICS', 'JS ERROR;JS LOG'), ('LESSOPEN', '| /usr/bin/lesspipe %s'), ('USER', 'lee'), ('LC_TIME', 'ko_KR.UTF-8'), ('ROS_NAMESPACE', 'robot1'), ('SSH_AGENT_PID', '1765'), ('XDG_SESSION_TYPE', 'x11'), ('GIT_ASKPASS', '/usr/share/code/resources/app/extensions/git/dist/askpass.sh'), ('SHLVL', '0'), ('RCUTILS_CONSOLE_OUTPUT_FORMAT', '[{severity}]: {message}'), ('LD_LIBRARY_PATH', '/home/lee/robot_ws/install/msg_srv_interface_py_test/lib:/home/lee/robot_ws/install/msg_srv_action_interface_py_test/lib:/home/lee/robot_ws/install/msg_srv_action_interface_example/lib:/home/lee/robot_ws/install/msg_srv_action_interface_cpp/lib:/home/lee/robot_ws/install/msg_interface_py_test/lib:/opt/ros/foxy/opt/yaml_cpp_vendor/lib:/opt/ros/foxy/opt/rviz_ogre_vendor/lib:/opt/ros/foxy/lib/x86_64-linux-gnu:/opt/ros/foxy/lib'), ('HOME', '/home/lee'), ('CHROME_DESKTOP', 'code-url-handler.desktop'), ('TERM_PROGRAM_VERSION', '1.69.0'), ('DESKTOP_SESSION', 'ubuntu'), ('GIO_LAUNCHED_DESKTOP_FILE', '/usr/share/applications/code.desktop'), ('ROS_PYTHON_VERSION', '3'), ('GNOME_SHELL_SESSION_MODE', 'ubuntu'), ('GTK_MODULES', 'gail:atk-bridge'), ('VSCODE_GIT_ASKPASS_MAIN', '/usr/share/code/resources/app/extensions/git/dist/askpass-main.js'), ('LC_MONETARY', 'ko_KR.UTF-8'), ('VSCODE_GIT_ASKPASS_NODE', '/usr/share/code/code'), ('MANAGERPID', '1592'), ('DBUS_SESSION_BUS_ADDRESS', 'unix:path=/run/user/1000/bus'), ('COLORTERM', 'truecolor'), ('GIO_LAUNCHED_DESKTOP_FILE_PID', '5143'), ('_colcon_cd_root', '/home/lee/robot_ws'), ('IM_CONFIG_PHASE', '1'), ('COLCON_PREFIX_PATH', '/home/lee/robot_ws/install'), ('ROS_DISTRO', 'foxy'), ('LOGNAME', 'lee'), ('_', '/usr/bin/colcon'), ('JOURNAL_STREAM', '8:43512'), ('ROS_VERSION', '2'), ('XDG_SESSION_CLASS', 'user'), ('USERNAME', 'lee'), ('TERM', 'xterm-256color'), ('GNOME_DESKTOP_SESSION_ID', 'this-is-deprecated'), ('ROS_LOCALHOST_ONLY', '0'), ('WINDOWPATH', '2'), ('PATH', '/home/lee/.local/bin:/opt/ros/foxy/bin:/home/lee/.local/bin:/usr/local/sbin:/usr/local/bin:/usr/sbin:/usr/bin:/sbin:/bin:/usr/games:/usr/local/games:/snap/bin'), ('SESSION_MANAGER', 'local/lee:@/tmp/.ICE-unix/1803,unix/lee:/tmp/.ICE-unix/1803'), ('INVOCATION_ID', 'ac4418edd6434376b85a9947f90c62cc'), ('XDG_MENU_PREFIX', 'gnome-'), ('LC_ADDRESS', 'ko_KR.UTF-8'), ('XDG_RUNTIME_DIR', '/run/user/1000'), ('GDK_BACKEND', 'x11'), ('DISPLAY', ':0'), ('LANG', 'en_US.UTF-8'), ('XDG_CURRENT_DESKTOP', 'Unity'), ('LC_TELEPHONE', 'ko_KR.UTF-8'), ('RMW_IMPLEMENTATION', 'rmw_fastrtps_cpp'), ('XMODIFIERS', '@im=ibus'), ('XDG_SESSION_DESKTOP', 'ubuntu'), ('XAUTHORITY', '/run/user/1000/gdm/Xauthority'), ('VSCODE_GIT_IPC_HANDLE', '/run/user/1000/vscode-git-555d55961d.sock'), ('TERM_PROGRAM', 'vscode'), ('SSH_AUTH_SOCK', '/run/user/1000/keyring/ssh'), ('ROS_DOMAIN_ID', '7'), ('AMENT_PREFIX_PATH', '/home/lee/robot_ws/install/topic_service_action_rclpy_example:/home/lee/robot_ws/install/topic_service_action_rclcpp_example:/home/lee/robot_ws/install/time_rclpy_example:/home/lee/robot_ws/install/time_rclcpp_example:/home/lee/robot_ws/install/tf2_rclpy_example:/home/lee/robot_ws/install/tf2_rclcpp_example:/home/lee/robot_ws/install/testbot_description:/home/lee/robot_ws/install/test_lee_rclpy:/home/lee/robot_ws/install/test_lee_rclcpp:/home/lee/robot_ws/install/rqt_example:/home/lee/robot_ws/install/ros2env:/home/lee/robot_ws/install/my_first_ros_rclpy_pkg:/home/lee/robot_ws/install/my_first_ros_rclcpp_pkg:/home/lee/robot_ws/install/msg_srv_interface_py_test:/home/lee/robot_ws/install/msg_srv_action_interface_py_test:/home/lee/robot_ws/install/msg_srv_action_interface_example:/home/lee/robot_ws/install/msg_srv_action_interface_cpp:/home/lee/robot_ws/install/msg_interface_py_test:/home/lee/robot_ws/install/logging_rclpy_example:/home/lee/robot_ws/install/lifecycle_cpp_test:/home/lee/robot_ws/install/lifecycle_cpp_original:/opt/ros/foxy'), ('ORIGINAL_XDG_CURRENT_DESKTOP', 'ubuntu:GNOME'), ('SHELL', '/bin/bash'), ('LC_NAME', 'ko_KR.UTF-8'), ('QT_ACCESSIBILITY', '1'), ('GDMSESSION', 'ubuntu'), ('LESSCLOSE', '/usr/bin/lesspipe %s %s'), ('LC_MEASUREMENT', 'ko_KR.UTF-8'), ('GPG_AGENT_INFO', '/run/user/1000/gnupg/S.gpg-agent:0:1'), ('GJS_DEBUG_OUTPUT', 'stderr'), ('LC_IDENTIFICATION', 'ko_KR.UTF-8'), ('VSCODE_GIT_ASKPASS_EXTRA_ARGS', '--ms-enable-electron-run-as-node'), ('QT_IM_MODULE', 'ibus'), ('RCUTILS_LOGGING_USE_STDOUT', '0'), ('PWD', '/home/lee/robot_ws/src/lifecycle_cpp_test/build/lifecycle_cpp_test'), ('LC_ALL', 'en_US.UTF-8'), ('XDG_CONFIG_DIRS', '/etc/xdg/xdg-ubuntu:/etc/xdg'), ('RCUTILS_COLORIZED_OUTPUT', '1'), ('XDG_DATA_DIRS', '/usr/share/ubuntu:/usr/local/share/:/usr/share/:/var/lib/snapd/desktop'), ('PYTHONPATH', '/home/lee/robot_ws/build/topic_service_action_rclpy_example:/home/lee/robot_ws/install/topic_service_action_rclpy_example/lib/python3.8/site-packages:/home/lee/robot_ws/build/time_rclpy_example:/home/lee/robot_ws/install/time_rclpy_example/lib/python3.8/site-packages:/home/lee/robot_ws/build/tf2_rclpy_example:/home/lee/robot_ws/install/tf2_rclpy_example/lib/python3.8/site-packages:/home/lee/robot_ws/build/test_lee_rclpy:/home/lee/robot_ws/install/test_lee_rclpy/lib/python3.8/site-packages:/home/lee/robot_ws/install/rqt_example/lib/python3.8/site-packages:/home/lee/robot_ws/build/ros2env:/home/lee/robot_ws/install/ros2env/lib/python3.8/site-packages:/home/lee/robot_ws/build/my_first_ros_rclpy_pkg:/home/lee/robot_ws/install/my_first_ros_rclpy_pkg/lib/python3.8/site-packages:/home/lee/robot_ws/install/msg_srv_interface_py_test/lib/python3.8/site-packages:/home/lee/robot_ws/install/msg_srv_action_interface_py_test/lib/python3.8/site-packages:/home/lee/robot_ws/install/msg_srv_action_interface_example/lib/python3.8/site-packages:/home/lee/robot_ws/install/msg_srv_action_interface_cpp/lib/python3.8/site-packages:/home/lee/robot_ws/install/msg_interface_py_test/lib/python3.8/site-packages:/home/lee/robot_ws/build/logging_rclpy_example:/home/lee/robot_ws/install/logging_rclpy_example/lib/python3.8/site-packages:/opt/ros/foxy/lib/python3.8/site-packages'), ('LC_NUMERIC', 'ko_KR.UTF-8'), ('LC_PAPER', 'ko_KR.UTF-8'), ('COLCON', '1'), ('CMAKE_PREFIX_PATH', '/home/lee/robot_ws/install/topic_service_action_rclcpp_example:/home/lee/robot_ws/install/time_rclcpp_example:/home/lee/robot_ws/install/tf2_rclcpp_example:/home/lee/robot_ws/install/testbot_description:/home/lee/robot_ws/install/test_lee_rclcpp:/home/lee/robot_ws/install/rqt_example:/home/lee/robot_ws/install/my_first_ros_rclcpp_pkg:/home/lee/robot_ws/install/msg_srv_interface_py_test:/home/lee/robot_ws/install/msg_srv_action_interface_py_test:/home/lee/robot_ws/install/msg_srv_action_interface_example:/home/lee/robot_ws/install/msg_srv_action_interface_cpp:/home/lee/robot_ws/install/msg_interface_py_test:/home/lee/robot_ws/install/lifecycle_cpp_test:/home/lee/robot_ws/install/lifecycle_cpp_original:/home/lee/robot_ws/install/topic_service_action_rclpy_example:/home/lee/robot_ws/install/time_rclpy_example:/home/lee/robot_ws/install/tf2_rclpy_example:/home/lee/robot_ws/install/test_lee_rclpy:/home/lee/robot_ws/install/ros2env:/home/lee/robot_ws/install/my_first_ros_rclpy_pkg:/home/lee/robot_ws/install/logging_rclpy_example:/opt/ros/foxy')]), 'shell': False}
[0.083852] (lifecycle_cpp_test) StdoutLine: {'line': b'-- The C compiler identification is GNU 9.4.0\n'}
[0.100014] (-) TimerEvent: {}
[0.157043] (lifecycle_cpp_test) StdoutLine: {'line': b'-- The CXX compiler identification is GNU 9.4.0\n'}
[0.168234] (lifecycle_cpp_test) StdoutLine: {'line': b'-- Check for working C compiler: /usr/bin/cc\n'}
[0.200133] (-) TimerEvent: {}
[0.239850] (lifecycle_cpp_test) StdoutLine: {'line': b'-- Check for working C compiler: /usr/bin/cc -- works\n'}
[0.240930] (lifecycle_cpp_test) StdoutLine: {'line': b'-- Detecting C compiler ABI info\n'}
[0.300298] (-) TimerEvent: {}
[0.311358] (lifecycle_cpp_test) StdoutLine: {'line': b'-- Detecting C compiler ABI info - done\n'}
[0.318664] (lifecycle_cpp_test) StdoutLine: {'line': b'-- Detecting C compile features\n'}
[0.318978] (lifecycle_cpp_test) StdoutLine: {'line': b'-- Detecting C compile features - done\n'}
[0.321275] (lifecycle_cpp_test) StdoutLine: {'line': b'-- Check for working CXX compiler: /usr/bin/c++\n'}
[0.377579] (lifecycle_cpp_test) StdoutLine: {'line': b'-- Check for working CXX compiler: /usr/bin/c++ -- works\n'}
[0.378248] (lifecycle_cpp_test) StdoutLine: {'line': b'-- Detecting CXX compiler ABI info\n'}
[0.400413] (-) TimerEvent: {}
[0.438616] (lifecycle_cpp_test) StdoutLine: {'line': b'-- Detecting CXX compiler ABI info - done\n'}
[0.445893] (lifecycle_cpp_test) StdoutLine: {'line': b'-- Detecting CXX compile features\n'}
[0.446151] (lifecycle_cpp_test) StdoutLine: {'line': b'-- Detecting CXX compile features - done\n'}
[0.450528] (lifecycle_cpp_test) StdoutLine: {'line': b'-- Found ament_cmake: 0.9.9 (/opt/ros/foxy/share/ament_cmake/cmake)\n'}
[0.477908] (lifecycle_cpp_test) StdoutLine: {'line': b'-- Found PythonInterp: /usr/bin/python3 (found suitable version "3.8.10", minimum required is "3") \n'}
[0.478118] (lifecycle_cpp_test) StdoutLine: {'line': b'-- Using PYTHON_EXECUTABLE: /usr/bin/python3\n'}
[0.500509] (-) TimerEvent: {}
[0.600716] (-) TimerEvent: {}
[0.636765] (lifecycle_cpp_test) StdoutLine: {'line': b'-- Found rclcpp_lifecycle: 2.4.1 (/opt/ros/foxy/share/rclcpp_lifecycle/cmake)\n'}
[0.686162] (lifecycle_cpp_test) StdoutLine: {'line': b'-- Using all available rosidl_typesupport_c: rosidl_typesupport_fastrtps_c;rosidl_typesupport_introspection_c\n'}
[0.693687] (lifecycle_cpp_test) StdoutLine: {'line': b'-- Found rosidl_adapter: 1.2.1 (/opt/ros/foxy/share/rosidl_adapter/cmake)\n'}
[0.700811] (-) TimerEvent: {}
[0.752152] (lifecycle_cpp_test) StdoutLine: {'line': b'-- Found OpenSSL: /usr/lib/x86_64-linux-gnu/libcrypto.so (found version "1.1.1f")  \n'}
[0.771361] (lifecycle_cpp_test) StdoutLine: {'line': b'-- Found FastRTPS: /opt/ros/foxy/include  \n'}
[0.800941] (-) TimerEvent: {}
[0.835824] (lifecycle_cpp_test) StdoutLine: {'line': b'-- Using all available rosidl_typesupport_cpp: rosidl_typesupport_fastrtps_cpp;rosidl_typesupport_introspection_cpp\n'}
[0.882212] (lifecycle_cpp_test) StdoutLine: {'line': b'-- Found rmw_implementation_cmake: 1.0.3 (/opt/ros/foxy/share/rmw_implementation_cmake/cmake)\n'}
[0.884106] (lifecycle_cpp_test) StdoutLine: {'line': b"-- Using RMW implementation 'rmw_fastrtps_cpp' as default\n"}
[0.885290] (lifecycle_cpp_test) StdoutLine: {'line': b'-- Looking for pthread.h\n'}
[0.901060] (-) TimerEvent: {}
[0.938081] (lifecycle_cpp_test) StdoutLine: {'line': b'-- Looking for pthread.h - found\n'}
[0.938263] (lifecycle_cpp_test) StdoutLine: {'line': b'-- Performing Test CMAKE_HAVE_LIBC_PTHREAD\n'}
[1.000585] (lifecycle_cpp_test) StdoutLine: {'line': b'-- Performing Test CMAKE_HAVE_LIBC_PTHREAD - Failed\n'}
[1.000792] (lifecycle_cpp_test) StdoutLine: {'line': b'-- Looking for pthread_create in pthreads\n'}
[1.001114] (-) TimerEvent: {}
[1.046043] (lifecycle_cpp_test) StdoutLine: {'line': b'-- Looking for pthread_create in pthreads - not found\n'}
[1.046373] (lifecycle_cpp_test) StdoutLine: {'line': b'-- Looking for pthread_create in pthread\n'}
[1.100143] (lifecycle_cpp_test) StdoutLine: {'line': b'-- Looking for pthread_create in pthread - found\n'}
[1.100902] (lifecycle_cpp_test) StdoutLine: {'line': b'-- Found Threads: TRUE  \n'}
[1.101172] (-) TimerEvent: {}
[1.201368] (-) TimerEvent: {}
[1.238915] (lifecycle_cpp_test) StdoutLine: {'line': b'-- Found ament_lint_auto: 0.9.6 (/opt/ros/foxy/share/ament_lint_auto/cmake)\n'}
[1.301493] (-) TimerEvent: {}
[1.309956] (lifecycle_cpp_test) StdoutLine: {'line': b"-- Added test 'copyright' to check source files copyright and LICENSE\n"}
[1.312902] (lifecycle_cpp_test) StdoutLine: {'line': b"-- Added test 'cppcheck' to perform static code analysis on C / C++ code\n"}
[1.313336] (lifecycle_cpp_test) StdoutLine: {'line': b'-- Configured cppcheck include dirs: /home/lee/robot_ws/src/lifecycle_cpp_test/include\n'}
[1.313408] (lifecycle_cpp_test) StdoutLine: {'line': b'-- Configured cppcheck exclude dirs and/or files: \n'}
[1.316054] (lifecycle_cpp_test) StdoutLine: {'line': b"-- Added test 'cpplint' to check C / C++ code against the Google style\n"}
[1.316124] (lifecycle_cpp_test) StdoutLine: {'line': b'-- Configured cpplint exclude dirs and/or files: \n'}
[1.316873] (lifecycle_cpp_test) StdoutLine: {'line': b"-- Added test 'flake8' to check Python code syntax and style conventions\n"}
[1.317896] (lifecycle_cpp_test) StdoutLine: {'line': b"-- Added test 'lint_cmake' to check CMake code style\n"}
[1.318684] (lifecycle_cpp_test) StdoutLine: {'line': b"-- Added test 'pep257' to check Python code against some of the style conventions in PEP 257\n"}
[1.321163] (lifecycle_cpp_test) StdoutLine: {'line': b"-- Added test 'uncrustify' to check C / C++ code style\n"}
[1.321232] (lifecycle_cpp_test) StdoutLine: {'line': b'-- Configured uncrustify additional arguments: \n'}
[1.321894] (lifecycle_cpp_test) StdoutLine: {'line': b"-- Added test 'xmllint' to check XML markup files\n"}
[1.325045] (lifecycle_cpp_test) StdoutLine: {'line': b'-- Configuring done\n'}
[1.361456] (lifecycle_cpp_test) StdoutLine: {'line': b'-- Generating done\n'}
[1.362501] (lifecycle_cpp_test) StdoutLine: {'line': b'-- Build files have been written to: /home/lee/robot_ws/src/lifecycle_cpp_test/build/lifecycle_cpp_test\n'}
[1.367142] (lifecycle_cpp_test) CommandEnded: {'returncode': 0}
[1.367656] (lifecycle_cpp_test) JobProgress: {'identifier': 'lifecycle_cpp_test', 'progress': 'build'}
[1.368117] (lifecycle_cpp_test) Command: {'cmd': ['/usr/bin/cmake', '--build', '/home/lee/robot_ws/src/lifecycle_cpp_test/build/lifecycle_cpp_test', '--', '-j12', '-l12'], 'cwd': '/home/lee/robot_ws/src/lifecycle_cpp_test/build/lifecycle_cpp_test', 'env': OrderedDict([('RCUTILS_LOGGING_BUFFERED_STREAM', '1'), ('GJS_DEBUG_TOPICS', 'JS ERROR;JS LOG'), ('LESSOPEN', '| /usr/bin/lesspipe %s'), ('USER', 'lee'), ('LC_TIME', 'ko_KR.UTF-8'), ('ROS_NAMESPACE', 'robot1'), ('SSH_AGENT_PID', '1765'), ('XDG_SESSION_TYPE', 'x11'), ('GIT_ASKPASS', '/usr/share/code/resources/app/extensions/git/dist/askpass.sh'), ('SHLVL', '0'), ('RCUTILS_CONSOLE_OUTPUT_FORMAT', '[{severity}]: {message}'), ('LD_LIBRARY_PATH', '/home/lee/robot_ws/install/msg_srv_interface_py_test/lib:/home/lee/robot_ws/install/msg_srv_action_interface_py_test/lib:/home/lee/robot_ws/install/msg_srv_action_interface_example/lib:/home/lee/robot_ws/install/msg_srv_action_interface_cpp/lib:/home/lee/robot_ws/install/msg_interface_py_test/lib:/opt/ros/foxy/opt/yaml_cpp_vendor/lib:/opt/ros/foxy/opt/rviz_ogre_vendor/lib:/opt/ros/foxy/lib/x86_64-linux-gnu:/opt/ros/foxy/lib'), ('HOME', '/home/lee'), ('CHROME_DESKTOP', 'code-url-handler.desktop'), ('TERM_PROGRAM_VERSION', '1.69.0'), ('DESKTOP_SESSION', 'ubuntu'), ('GIO_LAUNCHED_DESKTOP_FILE', '/usr/share/applications/code.desktop'), ('ROS_PYTHON_VERSION', '3'), ('GNOME_SHELL_SESSION_MODE', 'ubuntu'), ('GTK_MODULES', 'gail:atk-bridge'), ('VSCODE_GIT_ASKPASS_MAIN', '/usr/share/code/resources/app/extensions/git/dist/askpass-main.js'), ('LC_MONETARY', 'ko_KR.UTF-8'), ('VSCODE_GIT_ASKPASS_NODE', '/usr/share/code/code'), ('MANAGERPID', '1592'), ('DBUS_SESSION_BUS_ADDRESS', 'unix:path=/run/user/1000/bus'), ('COLORTERM', 'truecolor'), ('GIO_LAUNCHED_DESKTOP_FILE_PID', '5143'), ('_colcon_cd_root', '/home/lee/robot_ws'), ('IM_CONFIG_PHASE', '1'), ('COLCON_PREFIX_PATH', '/home/lee/robot_ws/install'), ('ROS_DISTRO', 'foxy'), ('LOGNAME', 'lee'), ('_', '/usr/bin/colcon'), ('JOURNAL_STREAM', '8:43512'), ('ROS_VERSION', '2'), ('XDG_SESSION_CLASS', 'user'), ('USERNAME', 'lee'), ('TERM', 'xterm-256color'), ('GNOME_DESKTOP_SESSION_ID', 'this-is-deprecated'), ('ROS_LOCALHOST_ONLY', '0'), ('WINDOWPATH', '2'), ('PATH', '/home/lee/.local/bin:/opt/ros/foxy/bin:/home/lee/.local/bin:/usr/local/sbin:/usr/local/bin:/usr/sbin:/usr/bin:/sbin:/bin:/usr/games:/usr/local/games:/snap/bin'), ('SESSION_MANAGER', 'local/lee:@/tmp/.ICE-unix/1803,unix/lee:/tmp/.ICE-unix/1803'), ('INVOCATION_ID', 'ac4418edd6434376b85a9947f90c62cc'), ('XDG_MENU_PREFIX', 'gnome-'), ('LC_ADDRESS', 'ko_KR.UTF-8'), ('XDG_RUNTIME_DIR', '/run/user/1000'), ('GDK_BACKEND', 'x11'), ('DISPLAY', ':0'), ('LANG', 'en_US.UTF-8'), ('XDG_CURRENT_DESKTOP', 'Unity'), ('LC_TELEPHONE', 'ko_KR.UTF-8'), ('RMW_IMPLEMENTATION', 'rmw_fastrtps_cpp'), ('XMODIFIERS', '@im=ibus'), ('XDG_SESSION_DESKTOP', 'ubuntu'), ('XAUTHORITY', '/run/user/1000/gdm/Xauthority'), ('VSCODE_GIT_IPC_HANDLE', '/run/user/1000/vscode-git-555d55961d.sock'), ('TERM_PROGRAM', 'vscode'), ('SSH_AUTH_SOCK', '/run/user/1000/keyring/ssh'), ('ROS_DOMAIN_ID', '7'), ('AMENT_PREFIX_PATH', '/home/lee/robot_ws/install/topic_service_action_rclpy_example:/home/lee/robot_ws/install/topic_service_action_rclcpp_example:/home/lee/robot_ws/install/time_rclpy_example:/home/lee/robot_ws/install/time_rclcpp_example:/home/lee/robot_ws/install/tf2_rclpy_example:/home/lee/robot_ws/install/tf2_rclcpp_example:/home/lee/robot_ws/install/testbot_description:/home/lee/robot_ws/install/test_lee_rclpy:/home/lee/robot_ws/install/test_lee_rclcpp:/home/lee/robot_ws/install/rqt_example:/home/lee/robot_ws/install/ros2env:/home/lee/robot_ws/install/my_first_ros_rclpy_pkg:/home/lee/robot_ws/install/my_first_ros_rclcpp_pkg:/home/lee/robot_ws/install/msg_srv_interface_py_test:/home/lee/robot_ws/install/msg_srv_action_interface_py_test:/home/lee/robot_ws/install/msg_srv_action_interface_example:/home/lee/robot_ws/install/msg_srv_action_interface_cpp:/home/lee/robot_ws/install/msg_interface_py_test:/home/lee/robot_ws/install/logging_rclpy_example:/home/lee/robot_ws/install/lifecycle_cpp_test:/home/lee/robot_ws/install/lifecycle_cpp_original:/opt/ros/foxy'), ('ORIGINAL_XDG_CURRENT_DESKTOP', 'ubuntu:GNOME'), ('SHELL', '/bin/bash'), ('LC_NAME', 'ko_KR.UTF-8'), ('QT_ACCESSIBILITY', '1'), ('GDMSESSION', 'ubuntu'), ('LESSCLOSE', '/usr/bin/lesspipe %s %s'), ('LC_MEASUREMENT', 'ko_KR.UTF-8'), ('GPG_AGENT_INFO', '/run/user/1000/gnupg/S.gpg-agent:0:1'), ('GJS_DEBUG_OUTPUT', 'stderr'), ('LC_IDENTIFICATION', 'ko_KR.UTF-8'), ('VSCODE_GIT_ASKPASS_EXTRA_ARGS', '--ms-enable-electron-run-as-node'), ('QT_IM_MODULE', 'ibus'), ('RCUTILS_LOGGING_USE_STDOUT', '0'), ('PWD', '/home/lee/robot_ws/src/lifecycle_cpp_test/build/lifecycle_cpp_test'), ('LC_ALL', 'en_US.UTF-8'), ('XDG_CONFIG_DIRS', '/etc/xdg/xdg-ubuntu:/etc/xdg'), ('RCUTILS_COLORIZED_OUTPUT', '1'), ('XDG_DATA_DIRS', '/usr/share/ubuntu:/usr/local/share/:/usr/share/:/var/lib/snapd/desktop'), ('PYTHONPATH', '/home/lee/robot_ws/build/topic_service_action_rclpy_example:/home/lee/robot_ws/install/topic_service_action_rclpy_example/lib/python3.8/site-packages:/home/lee/robot_ws/build/time_rclpy_example:/home/lee/robot_ws/install/time_rclpy_example/lib/python3.8/site-packages:/home/lee/robot_ws/build/tf2_rclpy_example:/home/lee/robot_ws/install/tf2_rclpy_example/lib/python3.8/site-packages:/home/lee/robot_ws/build/test_lee_rclpy:/home/lee/robot_ws/install/test_lee_rclpy/lib/python3.8/site-packages:/home/lee/robot_ws/install/rqt_example/lib/python3.8/site-packages:/home/lee/robot_ws/build/ros2env:/home/lee/robot_ws/install/ros2env/lib/python3.8/site-packages:/home/lee/robot_ws/build/my_first_ros_rclpy_pkg:/home/lee/robot_ws/install/my_first_ros_rclpy_pkg/lib/python3.8/site-packages:/home/lee/robot_ws/install/msg_srv_interface_py_test/lib/python3.8/site-packages:/home/lee/robot_ws/install/msg_srv_action_interface_py_test/lib/python3.8/site-packages:/home/lee/robot_ws/install/msg_srv_action_interface_example/lib/python3.8/site-packages:/home/lee/robot_ws/install/msg_srv_action_interface_cpp/lib/python3.8/site-packages:/home/lee/robot_ws/install/msg_interface_py_test/lib/python3.8/site-packages:/home/lee/robot_ws/build/logging_rclpy_example:/home/lee/robot_ws/install/logging_rclpy_example/lib/python3.8/site-packages:/opt/ros/foxy/lib/python3.8/site-packages'), ('LC_NUMERIC', 'ko_KR.UTF-8'), ('LC_PAPER', 'ko_KR.UTF-8'), ('COLCON', '1'), ('CMAKE_PREFIX_PATH', '/home/lee/robot_ws/install/topic_service_action_rclcpp_example:/home/lee/robot_ws/install/time_rclcpp_example:/home/lee/robot_ws/install/tf2_rclcpp_example:/home/lee/robot_ws/install/testbot_description:/home/lee/robot_ws/install/test_lee_rclcpp:/home/lee/robot_ws/install/rqt_example:/home/lee/robot_ws/install/my_first_ros_rclcpp_pkg:/home/lee/robot_ws/install/msg_srv_interface_py_test:/home/lee/robot_ws/install/msg_srv_action_interface_py_test:/home/lee/robot_ws/install/msg_srv_action_interface_example:/home/lee/robot_ws/install/msg_srv_action_interface_cpp:/home/lee/robot_ws/install/msg_interface_py_test:/home/lee/robot_ws/install/lifecycle_cpp_test:/home/lee/robot_ws/install/lifecycle_cpp_original:/home/lee/robot_ws/install/topic_service_action_rclpy_example:/home/lee/robot_ws/install/time_rclpy_example:/home/lee/robot_ws/install/tf2_rclpy_example:/home/lee/robot_ws/install/test_lee_rclpy:/home/lee/robot_ws/install/ros2env:/home/lee/robot_ws/install/my_first_ros_rclpy_pkg:/home/lee/robot_ws/install/logging_rclpy_example:/opt/ros/foxy')]), 'shell': False}
[1.394245] (lifecycle_cpp_test) StdoutLine: {'line': b'\x1b[35m\x1b[1mScanning dependencies of target lifecycle_talker\x1b[0m\n'}
[1.394414] (lifecycle_cpp_test) StdoutLine: {'line': b'\x1b[35m\x1b[1mScanning dependencies of target lifecycle_listener\x1b[0m\n'}
[1.394494] (lifecycle_cpp_test) StdoutLine: {'line': b'\x1b[35m\x1b[1mScanning dependencies of target lifecycle_service_client\x1b[0m\n'}
[1.401562] (-) TimerEvent: {}
[1.418899] (lifecycle_cpp_test) StdoutLine: {'line': b'[ 16%] \x1b[32mBuilding CXX object CMakeFiles/lifecycle_listener.dir/src/lifecycle_listener.cpp.o\x1b[0m\n'}
[1.421746] (lifecycle_cpp_test) StdoutLine: {'line': b'[ 50%] \x1b[32mBuilding CXX object CMakeFiles/lifecycle_service_client.dir/src/lifecycle_service_client.cpp.o\x1b[0m\n'}
[1.421885] (lifecycle_cpp_test) StdoutLine: {'line': b'[ 50%] \x1b[32mBuilding CXX object CMakeFiles/lifecycle_talker.dir/src/lifecycle_talker.cpp.o\x1b[0m\n'}
[1.501709] (-) TimerEvent: {}
[1.601993] (-) TimerEvent: {}
[1.702284] (-) TimerEvent: {}
[1.802567] (-) TimerEvent: {}
[1.902867] (-) TimerEvent: {}
[2.003151] (-) TimerEvent: {}
[2.103431] (-) TimerEvent: {}
[2.203713] (-) TimerEvent: {}
[2.303959] (-) TimerEvent: {}
[2.404184] (-) TimerEvent: {}
[2.504425] (-) TimerEvent: {}
[2.604662] (-) TimerEvent: {}
[2.704964] (-) TimerEvent: {}
[2.805248] (-) TimerEvent: {}
[2.905592] (-) TimerEvent: {}
[3.005878] (-) TimerEvent: {}
[3.106230] (-) TimerEvent: {}
[3.206589] (-) TimerEvent: {}
[3.306843] (-) TimerEvent: {}
[3.407108] (-) TimerEvent: {}
[3.507326] (-) TimerEvent: {}
[3.607547] (-) TimerEvent: {}
[3.707779] (-) TimerEvent: {}
[3.808022] (-) TimerEvent: {}
[3.908276] (-) TimerEvent: {}
[3.909817] (lifecycle_cpp_test) StdoutLine: {'line': b'[ 66%] \x1b[32m\x1b[1mLinking CXX executable lifecycle_talker\x1b[0m\n'}
[4.008379] (-) TimerEvent: {}
[4.041407] (lifecycle_cpp_test) StdoutLine: {'line': b'[ 83%] \x1b[32m\x1b[1mLinking CXX executable lifecycle_service_client\x1b[0m\n'}
[4.083715] (lifecycle_cpp_test) StdoutLine: {'line': b'[ 83%] Built target lifecycle_talker\n'}
[4.108473] (-) TimerEvent: {}
[4.205571] (lifecycle_cpp_test) StdoutLine: {'line': b'[ 83%] Built target lifecycle_service_client\n'}
[4.208536] (-) TimerEvent: {}
[4.308720] (-) TimerEvent: {}
[4.408980] (-) TimerEvent: {}
[4.509247] (-) TimerEvent: {}
[4.609492] (-) TimerEvent: {}
[4.709734] (-) TimerEvent: {}
[4.809977] (-) TimerEvent: {}
[4.910222] (-) TimerEvent: {}
[5.010464] (-) TimerEvent: {}
[5.110706] (-) TimerEvent: {}
[5.210952] (-) TimerEvent: {}
[5.311170] (-) TimerEvent: {}
[5.411380] (-) TimerEvent: {}
[5.511590] (-) TimerEvent: {}
[5.611839] (-) TimerEvent: {}
[5.712085] (-) TimerEvent: {}
[5.812328] (-) TimerEvent: {}
[5.912582] (-) TimerEvent: {}
[6.012876] (-) TimerEvent: {}
[6.113152] (-) TimerEvent: {}
[6.213405] (-) TimerEvent: {}
[6.313660] (-) TimerEvent: {}
[6.413932] (-) TimerEvent: {}
[6.454295] (lifecycle_cpp_test) StdoutLine: {'line': b'[100%] \x1b[32m\x1b[1mLinking CXX executable lifecycle_listener\x1b[0m\n'}
[6.514022] (-) TimerEvent: {}
[6.614268] (-) TimerEvent: {}
[6.713154] (lifecycle_cpp_test) StdoutLine: {'line': b'[100%] Built target lifecycle_listener\n'}
[6.714335] (-) TimerEvent: {}
[6.720665] (lifecycle_cpp_test) CommandEnded: {'returncode': 0}
[6.740499] (lifecycle_cpp_test) JobProgress: {'identifier': 'lifecycle_cpp_test', 'progress': 'install'}
[6.748647] (lifecycle_cpp_test) Command: {'cmd': ['/usr/bin/cmake', '--install', '/home/lee/robot_ws/src/lifecycle_cpp_test/build/lifecycle_cpp_test'], 'cwd': '/home/lee/robot_ws/src/lifecycle_cpp_test/build/lifecycle_cpp_test', 'env': OrderedDict([('RCUTILS_LOGGING_BUFFERED_STREAM', '1'), ('GJS_DEBUG_TOPICS', 'JS ERROR;JS LOG'), ('LESSOPEN', '| /usr/bin/lesspipe %s'), ('USER', 'lee'), ('LC_TIME', 'ko_KR.UTF-8'), ('ROS_NAMESPACE', 'robot1'), ('SSH_AGENT_PID', '1765'), ('XDG_SESSION_TYPE', 'x11'), ('GIT_ASKPASS', '/usr/share/code/resources/app/extensions/git/dist/askpass.sh'), ('SHLVL', '0'), ('RCUTILS_CONSOLE_OUTPUT_FORMAT', '[{severity}]: {message}'), ('LD_LIBRARY_PATH', '/home/lee/robot_ws/install/msg_srv_interface_py_test/lib:/home/lee/robot_ws/install/msg_srv_action_interface_py_test/lib:/home/lee/robot_ws/install/msg_srv_action_interface_example/lib:/home/lee/robot_ws/install/msg_srv_action_interface_cpp/lib:/home/lee/robot_ws/install/msg_interface_py_test/lib:/opt/ros/foxy/opt/yaml_cpp_vendor/lib:/opt/ros/foxy/opt/rviz_ogre_vendor/lib:/opt/ros/foxy/lib/x86_64-linux-gnu:/opt/ros/foxy/lib'), ('HOME', '/home/lee'), ('CHROME_DESKTOP', 'code-url-handler.desktop'), ('TERM_PROGRAM_VERSION', '1.69.0'), ('DESKTOP_SESSION', 'ubuntu'), ('GIO_LAUNCHED_DESKTOP_FILE', '/usr/share/applications/code.desktop'), ('ROS_PYTHON_VERSION', '3'), ('GNOME_SHELL_SESSION_MODE', 'ubuntu'), ('GTK_MODULES', 'gail:atk-bridge'), ('VSCODE_GIT_ASKPASS_MAIN', '/usr/share/code/resources/app/extensions/git/dist/askpass-main.js'), ('LC_MONETARY', 'ko_KR.UTF-8'), ('VSCODE_GIT_ASKPASS_NODE', '/usr/share/code/code'), ('MANAGERPID', '1592'), ('DBUS_SESSION_BUS_ADDRESS', 'unix:path=/run/user/1000/bus'), ('COLORTERM', 'truecolor'), ('GIO_LAUNCHED_DESKTOP_FILE_PID', '5143'), ('_colcon_cd_root', '/home/lee/robot_ws'), ('IM_CONFIG_PHASE', '1'), ('COLCON_PREFIX_PATH', '/home/lee/robot_ws/install'), ('ROS_DISTRO', 'foxy'), ('LOGNAME', 'lee'), ('_', '/usr/bin/colcon'), ('JOURNAL_STREAM', '8:43512'), ('ROS_VERSION', '2'), ('XDG_SESSION_CLASS', 'user'), ('USERNAME', 'lee'), ('TERM', 'xterm-256color'), ('GNOME_DESKTOP_SESSION_ID', 'this-is-deprecated'), ('ROS_LOCALHOST_ONLY', '0'), ('WINDOWPATH', '2'), ('PATH', '/home/lee/.local/bin:/opt/ros/foxy/bin:/home/lee/.local/bin:/usr/local/sbin:/usr/local/bin:/usr/sbin:/usr/bin:/sbin:/bin:/usr/games:/usr/local/games:/snap/bin'), ('SESSION_MANAGER', 'local/lee:@/tmp/.ICE-unix/1803,unix/lee:/tmp/.ICE-unix/1803'), ('INVOCATION_ID', 'ac4418edd6434376b85a9947f90c62cc'), ('XDG_MENU_PREFIX', 'gnome-'), ('LC_ADDRESS', 'ko_KR.UTF-8'), ('XDG_RUNTIME_DIR', '/run/user/1000'), ('GDK_BACKEND', 'x11'), ('DISPLAY', ':0'), ('LANG', 'en_US.UTF-8'), ('XDG_CURRENT_DESKTOP', 'Unity'), ('LC_TELEPHONE', 'ko_KR.UTF-8'), ('RMW_IMPLEMENTATION', 'rmw_fastrtps_cpp'), ('XMODIFIERS', '@im=ibus'), ('XDG_SESSION_DESKTOP', 'ubuntu'), ('XAUTHORITY', '/run/user/1000/gdm/Xauthority'), ('VSCODE_GIT_IPC_HANDLE', '/run/user/1000/vscode-git-555d55961d.sock'), ('TERM_PROGRAM', 'vscode'), ('SSH_AUTH_SOCK', '/run/user/1000/keyring/ssh'), ('ROS_DOMAIN_ID', '7'), ('AMENT_PREFIX_PATH', '/home/lee/robot_ws/install/topic_service_action_rclpy_example:/home/lee/robot_ws/install/topic_service_action_rclcpp_example:/home/lee/robot_ws/install/time_rclpy_example:/home/lee/robot_ws/install/time_rclcpp_example:/home/lee/robot_ws/install/tf2_rclpy_example:/home/lee/robot_ws/install/tf2_rclcpp_example:/home/lee/robot_ws/install/testbot_description:/home/lee/robot_ws/install/test_lee_rclpy:/home/lee/robot_ws/install/test_lee_rclcpp:/home/lee/robot_ws/install/rqt_example:/home/lee/robot_ws/install/ros2env:/home/lee/robot_ws/install/my_first_ros_rclpy_pkg:/home/lee/robot_ws/install/my_first_ros_rclcpp_pkg:/home/lee/robot_ws/install/msg_srv_interface_py_test:/home/lee/robot_ws/install/msg_srv_action_interface_py_test:/home/lee/robot_ws/install/msg_srv_action_interface_example:/home/lee/robot_ws/install/msg_srv_action_interface_cpp:/home/lee/robot_ws/install/msg_interface_py_test:/home/lee/robot_ws/install/logging_rclpy_example:/home/lee/robot_ws/install/lifecycle_cpp_test:/home/lee/robot_ws/install/lifecycle_cpp_original:/opt/ros/foxy'), ('ORIGINAL_XDG_CURRENT_DESKTOP', 'ubuntu:GNOME'), ('SHELL', '/bin/bash'), ('LC_NAME', 'ko_KR.UTF-8'), ('QT_ACCESSIBILITY', '1'), ('GDMSESSION', 'ubuntu'), ('LESSCLOSE', '/usr/bin/lesspipe %s %s'), ('LC_MEASUREMENT', 'ko_KR.UTF-8'), ('GPG_AGENT_INFO', '/run/user/1000/gnupg/S.gpg-agent:0:1'), ('GJS_DEBUG_OUTPUT', 'stderr'), ('LC_IDENTIFICATION', 'ko_KR.UTF-8'), ('VSCODE_GIT_ASKPASS_EXTRA_ARGS', '--ms-enable-electron-run-as-node'), ('QT_IM_MODULE', 'ibus'), ('RCUTILS_LOGGING_USE_STDOUT', '0'), ('PWD', '/home/lee/robot_ws/src/lifecycle_cpp_test/build/lifecycle_cpp_test'), ('LC_ALL', 'en_US.UTF-8'), ('XDG_CONFIG_DIRS', '/etc/xdg/xdg-ubuntu:/etc/xdg'), ('RCUTILS_COLORIZED_OUTPUT', '1'), ('XDG_DATA_DIRS', '/usr/share/ubuntu:/usr/local/share/:/usr/share/:/var/lib/snapd/desktop'), ('PYTHONPATH', '/home/lee/robot_ws/build/topic_service_action_rclpy_example:/home/lee/robot_ws/install/topic_service_action_rclpy_example/lib/python3.8/site-packages:/home/lee/robot_ws/build/time_rclpy_example:/home/lee/robot_ws/install/time_rclpy_example/lib/python3.8/site-packages:/home/lee/robot_ws/build/tf2_rclpy_example:/home/lee/robot_ws/install/tf2_rclpy_example/lib/python3.8/site-packages:/home/lee/robot_ws/build/test_lee_rclpy:/home/lee/robot_ws/install/test_lee_rclpy/lib/python3.8/site-packages:/home/lee/robot_ws/install/rqt_example/lib/python3.8/site-packages:/home/lee/robot_ws/build/ros2env:/home/lee/robot_ws/install/ros2env/lib/python3.8/site-packages:/home/lee/robot_ws/build/my_first_ros_rclpy_pkg:/home/lee/robot_ws/install/my_first_ros_rclpy_pkg/lib/python3.8/site-packages:/home/lee/robot_ws/install/msg_srv_interface_py_test/lib/python3.8/site-packages:/home/lee/robot_ws/install/msg_srv_action_interface_py_test/lib/python3.8/site-packages:/home/lee/robot_ws/install/msg_srv_action_interface_example/lib/python3.8/site-packages:/home/lee/robot_ws/install/msg_srv_action_interface_cpp/lib/python3.8/site-packages:/home/lee/robot_ws/install/msg_interface_py_test/lib/python3.8/site-packages:/home/lee/robot_ws/build/logging_rclpy_example:/home/lee/robot_ws/install/logging_rclpy_example/lib/python3.8/site-packages:/opt/ros/foxy/lib/python3.8/site-packages'), ('LC_NUMERIC', 'ko_KR.UTF-8'), ('LC_PAPER', 'ko_KR.UTF-8'), ('COLCON', '1'), ('CMAKE_PREFIX_PATH', '/home/lee/robot_ws/install/topic_service_action_rclcpp_example:/home/lee/robot_ws/install/time_rclcpp_example:/home/lee/robot_ws/install/tf2_rclcpp_example:/home/lee/robot_ws/install/testbot_description:/home/lee/robot_ws/install/test_lee_rclcpp:/home/lee/robot_ws/install/rqt_example:/home/lee/robot_ws/install/my_first_ros_rclcpp_pkg:/home/lee/robot_ws/install/msg_srv_interface_py_test:/home/lee/robot_ws/install/msg_srv_action_interface_py_test:/home/lee/robot_ws/install/msg_srv_action_interface_example:/home/lee/robot_ws/install/msg_srv_action_interface_cpp:/home/lee/robot_ws/install/msg_interface_py_test:/home/lee/robot_ws/install/lifecycle_cpp_test:/home/lee/robot_ws/install/lifecycle_cpp_original:/home/lee/robot_ws/install/topic_service_action_rclpy_example:/home/lee/robot_ws/install/time_rclpy_example:/home/lee/robot_ws/install/tf2_rclpy_example:/home/lee/robot_ws/install/test_lee_rclpy:/home/lee/robot_ws/install/ros2env:/home/lee/robot_ws/install/my_first_ros_rclpy_pkg:/home/lee/robot_ws/install/logging_rclpy_example:/opt/ros/foxy')]), 'shell': False}
[6.754223] (lifecycle_cpp_test) StdoutLine: {'line': b'-- Install configuration: "Debug"\n'}
[6.754369] (lifecycle_cpp_test) StdoutLine: {'line': b'-- Installing: /home/lee/robot_ws/src/lifecycle_cpp_test/install/lifecycle_cpp_test/lib/lifecycle_cpp_test/lifecycle_talker\n'}
[6.756400] (lifecycle_cpp_test) StdoutLine: {'line': b'-- Set runtime path of "/home/lee/robot_ws/src/lifecycle_cpp_test/install/lifecycle_cpp_test/lib/lifecycle_cpp_test/lifecycle_talker" to ""\n'}
[6.756630] (lifecycle_cpp_test) StdoutLine: {'line': b'-- Installing: /home/lee/robot_ws/src/lifecycle_cpp_test/install/lifecycle_cpp_test/lib/lifecycle_cpp_test/lifecycle_listener\n'}
[6.761128] (lifecycle_cpp_test) StdoutLine: {'line': b'-- Set runtime path of "/home/lee/robot_ws/src/lifecycle_cpp_test/install/lifecycle_cpp_test/lib/lifecycle_cpp_test/lifecycle_listener" to ""\n'}
[6.761210] (lifecycle_cpp_test) StdoutLine: {'line': b'-- Installing: /home/lee/robot_ws/src/lifecycle_cpp_test/install/lifecycle_cpp_test/lib/lifecycle_cpp_test/lifecycle_service_client\n'}
[6.762574] (lifecycle_cpp_test) StdoutLine: {'line': b'-- Set runtime path of "/home/lee/robot_ws/src/lifecycle_cpp_test/install/lifecycle_cpp_test/lib/lifecycle_cpp_test/lifecycle_service_client" to ""\n'}
[6.762637] (lifecycle_cpp_test) StdoutLine: {'line': b'-- Installing: /home/lee/robot_ws/src/lifecycle_cpp_test/install/lifecycle_cpp_test/share/lifecycle_cpp_test//launch\n'}
[6.762692] (lifecycle_cpp_test) StdoutLine: {'line': b'-- Installing: /home/lee/robot_ws/src/lifecycle_cpp_test/install/lifecycle_cpp_test/share/lifecycle_cpp_test//launch/lifecycle_demo.launch.py\n'}
[6.762957] (lifecycle_cpp_test) StdoutLine: {'line': b'-- Installing: /home/lee/robot_ws/src/lifecycle_cpp_test/install/lifecycle_cpp_test/share/ament_index/resource_index/package_run_dependencies/lifecycle_cpp_test\n'}
[6.763334] (lifecycle_cpp_test) StdoutLine: {'line': b'-- Installing: /home/lee/robot_ws/src/lifecycle_cpp_test/install/lifecycle_cpp_test/share/ament_index/resource_index/parent_prefix_path/lifecycle_cpp_test\n'}
[6.763419] (lifecycle_cpp_test) StdoutLine: {'line': b'-- Installing: /home/lee/robot_ws/src/lifecycle_cpp_test/install/lifecycle_cpp_test/share/lifecycle_cpp_test/environment/ament_prefix_path.sh\n'}
[6.763504] (lifecycle_cpp_test) StdoutLine: {'line': b'-- Installing: /home/lee/robot_ws/src/lifecycle_cpp_test/install/lifecycle_cpp_test/share/lifecycle_cpp_test/environment/ament_prefix_path.dsv\n'}
[6.763552] (lifecycle_cpp_test) StdoutLine: {'line': b'-- Installing: /home/lee/robot_ws/src/lifecycle_cpp_test/install/lifecycle_cpp_test/share/lifecycle_cpp_test/environment/path.sh\n'}
[6.763608] (lifecycle_cpp_test) StdoutLine: {'line': b'-- Installing: /home/lee/robot_ws/src/lifecycle_cpp_test/install/lifecycle_cpp_test/share/lifecycle_cpp_test/environment/path.dsv\n'}
[6.763661] (lifecycle_cpp_test) StdoutLine: {'line': b'-- Installing: /home/lee/robot_ws/src/lifecycle_cpp_test/install/lifecycle_cpp_test/share/lifecycle_cpp_test/local_setup.bash\n'}
[6.763718] (lifecycle_cpp_test) StdoutLine: {'line': b'-- Installing: /home/lee/robot_ws/src/lifecycle_cpp_test/install/lifecycle_cpp_test/share/lifecycle_cpp_test/local_setup.sh\n'}
[6.763770] (lifecycle_cpp_test) StdoutLine: {'line': b'-- Installing: /home/lee/robot_ws/src/lifecycle_cpp_test/install/lifecycle_cpp_test/share/lifecycle_cpp_test/local_setup.zsh\n'}
[6.763829] (lifecycle_cpp_test) StdoutLine: {'line': b'-- Installing: /home/lee/robot_ws/src/lifecycle_cpp_test/install/lifecycle_cpp_test/share/lifecycle_cpp_test/local_setup.dsv\n'}
[6.763890] (lifecycle_cpp_test) StdoutLine: {'line': b'-- Installing: /home/lee/robot_ws/src/lifecycle_cpp_test/install/lifecycle_cpp_test/share/lifecycle_cpp_test/package.dsv\n'}
[6.763980] (lifecycle_cpp_test) StdoutLine: {'line': b'-- Installing: /home/lee/robot_ws/src/lifecycle_cpp_test/install/lifecycle_cpp_test/share/ament_index/resource_index/packages/lifecycle_cpp_test\n'}
[6.764071] (lifecycle_cpp_test) StdoutLine: {'line': b'-- Installing: /home/lee/robot_ws/src/lifecycle_cpp_test/install/lifecycle_cpp_test/share/lifecycle_cpp_test/cmake/lifecycle_cpp_testConfig.cmake\n'}
[6.764127] (lifecycle_cpp_test) StdoutLine: {'line': b'-- Installing: /home/lee/robot_ws/src/lifecycle_cpp_test/install/lifecycle_cpp_test/share/lifecycle_cpp_test/cmake/lifecycle_cpp_testConfig-version.cmake\n'}
[6.764197] (lifecycle_cpp_test) StdoutLine: {'line': b'-- Installing: /home/lee/robot_ws/src/lifecycle_cpp_test/install/lifecycle_cpp_test/share/lifecycle_cpp_test/package.xml\n'}
[6.765434] (lifecycle_cpp_test) CommandEnded: {'returncode': 0}
[6.810666] (lifecycle_cpp_test) JobEnded: {'identifier': 'lifecycle_cpp_test', 'rc': 0}
[6.811122] (-) EventReactorShutdown: {}
